\BOOKMARK [1][]{section.1}{Hintergrund}{}% 1
\BOOKMARK [1][]{section.2}{Vorgehen}{}% 2
\BOOKMARK [2][]{subsection.2.1}{Datenquellen}{section.2}% 3
\BOOKMARK [2][]{subsection.2.2}{Schritte im Workflow}{section.2}% 4
\BOOKMARK [3][]{subsubsection.2.2.1}{Projektaufnahme}{subsection.2.2}% 5
\BOOKMARK [3][]{subsubsection.2.2.2}{Metadatenakquise 1}{subsection.2.2}% 6
\BOOKMARK [3][]{subsubsection.2.2.3}{Rechtepr\374fung}{subsection.2.2}% 7
\BOOKMARK [3][]{subsubsection.2.2.4}{R\374ckkopplung Autor*in}{subsection.2.2}% 8
\BOOKMARK [3][]{subsubsection.2.2.5}{Anfrage Verlage}{subsection.2.2}% 9
\BOOKMARK [3][]{subsubsection.2.2.6}{Metadatenkontrolle 1}{subsection.2.2}% 10
\BOOKMARK [3][]{subsubsection.2.2.7}{Metadatenakquise 2}{subsection.2.2}% 11
\BOOKMARK [3][]{subsubsection.2.2.8}{Datei: Beschaffung und Aufbereitung}{subsection.2.2}% 12
\BOOKMARK [3][]{subsubsection.2.2.9}{Metadatenkontrolle 2}{subsection.2.2}% 13
\BOOKMARK [3][]{subsubsection.2.2.10}{Dublettenkontrolle}{subsection.2.2}% 14
\BOOKMARK [3][]{subsubsection.2.2.11}{Vorbereitung CSV}{subsection.2.2}% 15
\BOOKMARK [3][]{subsubsection.2.2.12}{Upload DepositOnce}{subsection.2.2}% 16
\BOOKMARK [3][]{subsubsection.2.2.13}{Projektdokumentation}{subsection.2.2}% 17
\BOOKMARK [1][]{section.3}{Diskussion}{}% 18
\BOOKMARK [1][]{section.4}{Ausblick}{}% 19
\BOOKMARK [1][]{section.5}{Literatur}{}% 20
